<?xml version="1.0" encoding="UTF-8" ?>
<testsuite tests="0" failures="0" name="com.capitanperegrina.baselib.bin.TestMail" time="0" errors="0" skipped="0">
  <properties>
    <property name="java.runtime.name" value="OpenJDK Runtime Environment"/>
    <property name="sun.boot.library.path" value="/Users/carlosnunezgarcia/opt/zulu8.60.0.21-ca-jdk8.0.322-macosx_aarch64/zulu-8.jdk/Contents/Home/jre/lib"/>
    <property name="java.vm.version" value="25.322-b06"/>
    <property name="gopherProxySet" value="false"/>
    <property name="jdk.vendor.version" value="Zulu 8.60.0.21-CA-macos-aarch64"/>
    <property name="java.vm.vendor" value="Azul Systems, Inc."/>
    <property name="maven.multiModuleProjectDirectory" value="/Users/carlosnunezgarcia/projects/own/spinnakerSimple/capitanperegrina-common"/>
    <property name="java.vendor.url" value="http://www.azul.com/"/>
    <property name="path.separator" value=":"/>
    <property name="guice.disable.misplaced.annotation.check" value="true"/>
    <property name="java.vm.name" value="OpenJDK 64-Bit Server VM"/>
    <property name="file.encoding.pkg" value="sun.io"/>
    <property name="user.country" value="ES"/>
    <property name="sun.java.launcher" value="SUN_STANDARD"/>
    <property name="sun.os.patch.level" value="unknown"/>
    <property name="java.vm.specification.name" value="Java Virtual Machine Specification"/>
    <property name="user.dir" value="/Users/carlosnunezgarcia/projects/own/spinnakerSimple/capitanperegrina-common"/>
    <property name="java.runtime.version" value="1.8.0_322-b06"/>
    <property name="java.awt.graphicsenv" value="sun.awt.CGraphicsEnvironment"/>
    <property name="java.endorsed.dirs" value="/Users/carlosnunezgarcia/opt/zulu8.60.0.21-ca-jdk8.0.322-macosx_aarch64/zulu-8.jdk/Contents/Home/jre/lib/endorsed"/>
    <property name="os.arch" value="aarch64"/>
    <property name="java.io.tmpdir" value="/var/folders/6t/vhr1nz1j7mzb5s0pchtp6smc0000gn/T/"/>
    <property name="line.separator" value="
"/>
    <property name="java.vm.specification.vendor" value="Oracle Corporation"/>
    <property name="os.name" value="Mac OS X"/>
    <property name="classworlds.conf" value="/Users/carlosnunezgarcia/opt/maven/bin/m2.conf"/>
    <property name="sun.jnu.encoding" value="UTF-8"/>
    <property name="java.library.path" value="/Users/carlosnunezgarcia/Library/Java/Extensions:/Library/Java/Extensions:/Network/Library/Java/Extensions:/System/Library/Java/Extensions:/usr/lib/java:."/>
    <property name="maven.conf" value="/Users/carlosnunezgarcia/opt/maven/conf"/>
    <property name="java.specification.name" value="Java Platform API Specification"/>
    <property name="java.class.version" value="52.0"/>
    <property name="sun.management.compiler" value="HotSpot 64-Bit Tiered Compilers"/>
    <property name="os.version" value="12.3"/>
    <property name="library.jansi.path" value="/Users/carlosnunezgarcia/opt/maven/lib/jansi-native"/>
    <property name="http.nonProxyHosts" value="local|*.local|169.254/16|*.169.254/16"/>
    <property name="user.home" value="/Users/carlosnunezgarcia"/>
    <property name="user.timezone" value="Europe/Madrid"/>
    <property name="java.awt.printerjob" value="sun.lwawt.macosx.CPrinterJob"/>
    <property name="java.specification.version" value="1.8"/>
    <property name="file.encoding" value="UTF-8"/>
    <property name="user.name" value="carlosnunezgarcia"/>
    <property name="java.class.path" value="/Users/carlosnunezgarcia/opt/maven/boot/plexus-classworlds-2.6.0.jar"/>
    <property name="java.vm.specification.version" value="1.8"/>
    <property name="sun.arch.data.model" value="64"/>
    <property name="java.home" value="/Users/carlosnunezgarcia/opt/zulu8.60.0.21-ca-jdk8.0.322-macosx_aarch64/zulu-8.jdk/Contents/Home/jre"/>
    <property name="sun.java.command" value="org.codehaus.plexus.classworlds.launcher.Launcher clean install"/>
    <property name="java.specification.vendor" value="Oracle Corporation"/>
    <property name="user.language" value="en"/>
    <property name="awt.toolkit" value="sun.lwawt.macosx.LWCToolkit"/>
    <property name="java.vm.info" value="mixed mode"/>
    <property name="java.version" value="1.8.0_322"/>
    <property name="java.ext.dirs" value="/Users/carlosnunezgarcia/Library/Java/Extensions:/Users/carlosnunezgarcia/opt/zulu8.60.0.21-ca-jdk8.0.322-macosx_aarch64/zulu-8.jdk/Contents/Home/jre/lib/ext:/Library/Java/Extensions:/Network/Library/Java/Extensions:/System/Library/Java/Extensions:/usr/lib/java"/>
    <property name="sun.boot.class.path" value="/Users/carlosnunezgarcia/opt/zulu8.60.0.21-ca-jdk8.0.322-macosx_aarch64/zulu-8.jdk/Contents/Home/jre/lib/resources.jar:/Users/carlosnunezgarcia/opt/zulu8.60.0.21-ca-jdk8.0.322-macosx_aarch64/zulu-8.jdk/Contents/Home/jre/lib/rt.jar:/Users/carlosnunezgarcia/opt/zulu8.60.0.21-ca-jdk8.0.322-macosx_aarch64/zulu-8.jdk/Contents/Home/jre/lib/sunrsasign.jar:/Users/carlosnunezgarcia/opt/zulu8.60.0.21-ca-jdk8.0.322-macosx_aarch64/zulu-8.jdk/Contents/Home/jre/lib/jsse.jar:/Users/carlosnunezgarcia/opt/zulu8.60.0.21-ca-jdk8.0.322-macosx_aarch64/zulu-8.jdk/Contents/Home/jre/lib/jce.jar:/Users/carlosnunezgarcia/opt/zulu8.60.0.21-ca-jdk8.0.322-macosx_aarch64/zulu-8.jdk/Contents/Home/jre/lib/charsets.jar:/Users/carlosnunezgarcia/opt/zulu8.60.0.21-ca-jdk8.0.322-macosx_aarch64/zulu-8.jdk/Contents/Home/jre/lib/jfr.jar:/Users/carlosnunezgarcia/opt/zulu8.60.0.21-ca-jdk8.0.322-macosx_aarch64/zulu-8.jdk/Contents/Home/jre/lib/cat.jar:/Users/carlosnunezgarcia/opt/zulu8.60.0.21-ca-jdk8.0.322-macosx_aarch64/zulu-8.jdk/Contents/Home/jre/classes"/>
    <property name="java.vendor" value="Azul Systems, Inc."/>
    <property name="maven.home" value="/Users/carlosnunezgarcia/opt/maven"/>
    <property name="file.separator" value="/"/>
    <property name="java.vendor.url.bug" value="http://www.azul.com/support/"/>
    <property name="sun.cpu.endian" value="little"/>
    <property name="sun.io.unicode.encoding" value="UnicodeBig"/>
    <property name="socksNonProxyHosts" value="local|*.local|169.254/16|*.169.254/16"/>
    <property name="ftp.nonProxyHosts" value="local|*.local|169.254/16|*.169.254/16"/>
    <property name="sun.cpu.isalist" value=""/>
  </properties>
</testsuite>